<?xml version="1.0" encoding="UTF-8"?>
<!-- Generated by org.testng.reporters.JUnitReportReporter -->
<testsuite hostname="Govardhan-PC" name="com.gktech.testcases.resources.Login" tests="2" failures="0" timestamp="17 Mar 2016 13:57:41 GMT" time="47.934" errors="0">
  <testcase name="gmail" time="27.844" classname="com.gktech.testcases.resources.Login"/>
  <testcase name="quikr" time="20.090" classname="com.gktech.testcases.resources.Login"/>
</testsuite> <!-- com.gktech.testcases.resources.Login -->
